<?xml version="1.0" encoding="UTF-8"?>
<testsuite name="test_register_document_tests.TestRegisterDocument-20260424122813" tests="75" file="test_register_document_tests.py" time="0.557" timestamp="2026-04-24T12:28:14" failures="0" errors="0" skipped="0">
	<testcase classname="test_register_document_tests.TestRegisterDocument" name="test_tc01_valid_full_json_structure_pdf" time="0.007" timestamp="2026-04-24T12:28:13"/>
	<testcase classname="test_register_document_tests.TestRegisterDocument" name="test_tc02_valid_full_json_structure_docx" time="0.008" timestamp="2026-04-24T12:28:13"/>
	<testcase classname="test_register_document_tests.TestRegisterDocument" name="test_tc03_valid_full_json_structure_xlsx" time="0.007" timestamp="2026-04-24T12:28:13"/>
	<testcase classname="test_register_document_tests.TestRegisterDocument" name="test_tc04_delete_root_node" time="0.007" timestamp="2026-04-24T12:28:13"/>
	<testcase classname="test_register_document_tests.TestRegisterDocument" name="test_tc05_duplicate_root_node" time="0.008" timestamp="2026-04-24T12:28:13"/>
	<testcase classname="test_register_document_tests.TestRegisterDocument" name="test_tc06_delete_first_bracket" time="0.008" timestamp="2026-04-24T12:28:13"/>
	<testcase classname="test_register_document_tests.TestRegisterDocument" name="test_tc07_duplicate_first_bracket" time="0.008" timestamp="2026-04-24T12:28:13"/>
	<testcase classname="test_register_document_tests.TestRegisterDocument" name="test_tc08_delete_fields" time="0.008" timestamp="2026-04-24T12:28:13"/>
	<testcase classname="test_register_document_tests.TestRegisterDocument" name="test_tc09_duplicate_fields" time="0.007" timestamp="2026-04-24T12:28:13"/>
	<testcase classname="test_register_document_tests.TestRegisterDocument" name="test_tc10_delete_ending_bracket" time="0.007" timestamp="2026-04-24T12:28:13"/>
	<testcase classname="test_register_document_tests.TestRegisterDocument" name="test_tc11_duplicate_ending_bracket" time="0.008" timestamp="2026-04-24T12:28:13"/>
	<testcase classname="test_register_document_tests.TestRegisterDocument" name="test_tc12_modify_starting_bracket" time="0.010" timestamp="2026-04-24T12:28:13"/>
	<testcase classname="test_register_document_tests.TestRegisterDocument" name="test_tc13_delete_field1" time="0.009" timestamp="2026-04-24T12:28:13"/>
	<testcase classname="test_register_document_tests.TestRegisterDocument" name="test_tc14_duplicate_field1" time="0.009" timestamp="2026-04-24T12:28:13"/>
	<testcase classname="test_register_document_tests.TestRegisterDocument" name="test_tc15_delete_comma" time="0.009" timestamp="2026-04-24T12:28:13"/>
	<testcase classname="test_register_document_tests.TestRegisterDocument" name="test_tc16_duplicate_comma" time="0.010" timestamp="2026-04-24T12:28:13"/>
	<testcase classname="test_register_document_tests.TestRegisterDocument" name="test_tc17_delete_field2" time="0.010" timestamp="2026-04-24T12:28:13"/>
	<testcase classname="test_register_document_tests.TestRegisterDocument" name="test_tc18_duplicate_field2" time="0.008" timestamp="2026-04-24T12:28:13"/>
	<testcase classname="test_register_document_tests.TestRegisterDocument" name="test_tc19_modify_ending_bracket" time="0.010" timestamp="2026-04-24T12:28:14"/>
	<testcase classname="test_register_document_tests.TestRegisterDocument" name="test_tc20_delete_labelfield1" time="0.008" timestamp="2026-04-24T12:28:14"/>
	<testcase classname="test_register_document_tests.TestRegisterDocument" name="test_tc21_duplicate_labelfield1" time="0.006" timestamp="2026-04-24T12:28:14"/>
	<testcase classname="test_register_document_tests.TestRegisterDocument" name="test_tc22_delete_colon_field1" time="0.011" timestamp="2026-04-24T12:28:14"/>
	<testcase classname="test_register_document_tests.TestRegisterDocument" name="test_tc23_duplicate_colon_field1" time="0.007" timestamp="2026-04-24T12:28:14"/>
	<testcase classname="test_register_document_tests.TestRegisterDocument" name="test_tc24_delete_valuefield1" time="0.008" timestamp="2026-04-24T12:28:14"/>
	<testcase classname="test_register_document_tests.TestRegisterDocument" name="test_tc25_duplicate_valuefield1" time="0.007" timestamp="2026-04-24T12:28:14"/>
	<testcase classname="test_register_document_tests.TestRegisterDocument" name="test_tc26_modify_comma" time="0.008" timestamp="2026-04-24T12:28:14"/>
	<testcase classname="test_register_document_tests.TestRegisterDocument" name="test_tc27_delete_labelfield2" time="0.008" timestamp="2026-04-24T12:28:14"/>
	<testcase classname="test_register_document_tests.TestRegisterDocument" name="test_tc28_duplicate_labelfield2" time="0.007" timestamp="2026-04-24T12:28:14"/>
	<testcase classname="test_register_document_tests.TestRegisterDocument" name="test_tc29_delete_colon_field2" time="0.007" timestamp="2026-04-24T12:28:14"/>
	<testcase classname="test_register_document_tests.TestRegisterDocument" name="test_tc30_duplicate_colon_field2" time="0.006" timestamp="2026-04-24T12:28:14"/>
	<testcase classname="test_register_document_tests.TestRegisterDocument" name="test_tc31_delete_valuefield2" time="0.010" timestamp="2026-04-24T12:28:14"/>
	<testcase classname="test_register_document_tests.TestRegisterDocument" name="test_tc32_duplicate_valuefield2" time="0.008" timestamp="2026-04-24T12:28:14"/>
	<testcase classname="test_register_document_tests.TestRegisterDocument" name="test_tc33_delete_start_quotation" time="0.012" timestamp="2026-04-24T12:28:14"/>
	<testcase classname="test_register_document_tests.TestRegisterDocument" name="test_tc34_duplicate_start_quotation" time="0.011" timestamp="2026-04-24T12:28:14"/>
	<testcase classname="test_register_document_tests.TestRegisterDocument" name="test_tc35_delete_project_id_label" time="0.010" timestamp="2026-04-24T12:28:14"/>
	<testcase classname="test_register_document_tests.TestRegisterDocument" name="test_tc36_duplicate_project_id_label" time="0.007" timestamp="2026-04-24T12:28:14"/>
	<testcase classname="test_register_document_tests.TestRegisterDocument" name="test_tc37_delete_labelfield1_end_quotation" time="0.005" timestamp="2026-04-24T12:28:14"/>
	<testcase classname="test_register_document_tests.TestRegisterDocument" name="test_tc38_duplicate_labelfield1_end_quotation" time="0.008" timestamp="2026-04-24T12:28:14"/>
	<testcase classname="test_register_document_tests.TestRegisterDocument" name="test_tc39_modify_colon_field1" time="0.009" timestamp="2026-04-24T12:28:14"/>
	<testcase classname="test_register_document_tests.TestRegisterDocument" name="test_tc40_delete_valuefield1_starting_quotation" time="0.006" timestamp="2026-04-24T12:28:14"/>
	<testcase classname="test_register_document_tests.TestRegisterDocument" name="test_tc41_duplicate_valuefield1_starting_quotation" time="0.008" timestamp="2026-04-24T12:28:14"/>
	<testcase classname="test_register_document_tests.TestRegisterDocument" name="test_tc42_delete_value1" time="0.008" timestamp="2026-04-24T12:28:14"/>
	<testcase classname="test_register_document_tests.TestRegisterDocument" name="test_tc43_duplicate_value1" time="0.009" timestamp="2026-04-24T12:28:14"/>
	<testcase classname="test_register_document_tests.TestRegisterDocument" name="test_tc44_delete_valuefield1_ending_quotation" time="0.005" timestamp="2026-04-24T12:28:14"/>
	<testcase classname="test_register_document_tests.TestRegisterDocument" name="test_tc45_duplicate_valuefield1_ending_quotation" time="0.006" timestamp="2026-04-24T12:28:14"/>
	<testcase classname="test_register_document_tests.TestRegisterDocument" name="test_tc46_delete_labelfield2_starting_quotation" time="0.007" timestamp="2026-04-24T12:28:14"/>
	<testcase classname="test_register_document_tests.TestRegisterDocument" name="test_tc47_duplicate_labelfield2_starting_quotation" time="0.007" timestamp="2026-04-24T12:28:14"/>
	<testcase classname="test_register_document_tests.TestRegisterDocument" name="test_tc48_delete_filename_label" time="0.008" timestamp="2026-04-24T12:28:14"/>
	<testcase classname="test_register_document_tests.TestRegisterDocument" name="test_tc49_duplicate_filename_label" time="0.009" timestamp="2026-04-24T12:28:14"/>
	<testcase classname="test_register_document_tests.TestRegisterDocument" name="test_tc50_delete_labelfield2_ending_quotation" time="0.007" timestamp="2026-04-24T12:28:14"/>
	<testcase classname="test_register_document_tests.TestRegisterDocument" name="test_tc51_duplicate_labelfield2_ending_quotation" time="0.006" timestamp="2026-04-24T12:28:14"/>
	<testcase classname="test_register_document_tests.TestRegisterDocument" name="test_tc52_modify_colon_field2" time="0.007" timestamp="2026-04-24T12:28:14"/>
	<testcase classname="test_register_document_tests.TestRegisterDocument" name="test_tc53_delete_valuefield2_starting_quotation" time="0.008" timestamp="2026-04-24T12:28:14"/>
	<testcase classname="test_register_document_tests.TestRegisterDocument" name="test_tc54_duplicate_valuefield2_starting_quotation" time="0.007" timestamp="2026-04-24T12:28:14"/>
	<testcase classname="test_register_document_tests.TestRegisterDocument" name="test_tc55_delete_value2" time="0.007" timestamp="2026-04-24T12:28:14"/>
	<testcase classname="test_register_document_tests.TestRegisterDocument" name="test_tc56_duplicate_value2" time="0.008" timestamp="2026-04-24T12:28:14"/>
	<testcase classname="test_register_document_tests.TestRegisterDocument" name="test_tc57_delete_valuefield2_ending_quotation" time="0.008" timestamp="2026-04-24T12:28:14"/>
	<testcase classname="test_register_document_tests.TestRegisterDocument" name="test_tc58_duplicate_valuefield2_ending_quotation" time="0.005" timestamp="2026-04-24T12:28:14"/>
	<testcase classname="test_register_document_tests.TestRegisterDocument" name="test_tc59_modify_quotation_field1" time="0.010" timestamp="2026-04-24T12:28:14"/>
	<testcase classname="test_register_document_tests.TestRegisterDocument" name="test_tc60_modify_project_id_label" time="0.007" timestamp="2026-04-24T12:28:14"/>
	<testcase classname="test_register_document_tests.TestRegisterDocument" name="test_tc61_modify_quotation_field1_end" time="0.007" timestamp="2026-04-24T12:28:14"/>
	<testcase classname="test_register_document_tests.TestRegisterDocument" name="test_tc62_modify_quotation_value1_start" time="0.006" timestamp="2026-04-24T12:28:14"/>
	<testcase classname="test_register_document_tests.TestRegisterDocument" name="test_tc63_modify_project_id_value" time="0.005" timestamp="2026-04-24T12:28:14"/>
	<testcase classname="test_register_document_tests.TestRegisterDocument" name="test_tc64_modify_quotation_value1_end" time="0.006" timestamp="2026-04-24T12:28:14"/>
	<testcase classname="test_register_document_tests.TestRegisterDocument" name="test_tc65_modify_quotation_field2_start" time="0.004" timestamp="2026-04-24T12:28:14"/>
	<testcase classname="test_register_document_tests.TestRegisterDocument" name="test_tc66_modify_filename_label" time="0.004" timestamp="2026-04-24T12:28:14"/>
	<testcase classname="test_register_document_tests.TestRegisterDocument" name="test_tc67_modify_quotation_field2_end" time="0.005" timestamp="2026-04-24T12:28:14"/>
	<testcase classname="test_register_document_tests.TestRegisterDocument" name="test_tc68_modify_quotation_value2_start" time="0.004" timestamp="2026-04-24T12:28:14"/>
	<testcase classname="test_register_document_tests.TestRegisterDocument" name="test_tc69_delete_name" time="0.006" timestamp="2026-04-24T12:28:14"/>
	<testcase classname="test_register_document_tests.TestRegisterDocument" name="test_tc70_duplicate_name" time="0.004" timestamp="2026-04-24T12:28:14"/>
	<testcase classname="test_register_document_tests.TestRegisterDocument" name="test_tc71_delete_extension" time="0.006" timestamp="2026-04-24T12:28:14"/>
	<testcase classname="test_register_document_tests.TestRegisterDocument" name="test_tc72_duplicate_extension" time="0.006" timestamp="2026-04-24T12:28:14"/>
	<testcase classname="test_register_document_tests.TestRegisterDocument" name="test_tc73_modify_quotation_value2_end" time="0.006" timestamp="2026-04-24T12:28:14"/>
	<testcase classname="test_register_document_tests.TestRegisterDocument" name="test_tc74_modify_name_content" time="0.008" timestamp="2026-04-24T12:28:14"/>
	<testcase classname="test_register_document_tests.TestRegisterDocument" name="test_tc75_modify_extension" time="0.005" timestamp="2026-04-24T12:28:14"/>
</testsuite>
